<?xml version="1.0" encoding="UTF-8"?>
<!-- Generated by org.testng.reporters.JUnitReportReporter -->
<testsuite hostname="EQ-EQ7501361" failures="0" tests="3" name="tests.HomePageTest" time="0.429" errors="0" timestamp="2022-09-01T11:36:16 EET" skipped="0">
  <testcase classname="tests.HomePageTest" name="Verify_Bluses_Button_Visiblity" time="0.295"/>
  <system-out/>
  <testcase classname="tests.HomePageTest" name="Verify_signin_Button_Visiblity" time="0.082"/>
  <system-out/>
  <testcase classname="tests.HomePageTest" name="Verify_Women_Button_Visiblity" time="0.052"/>
  <system-out/>
</testsuite> <!-- tests.HomePageTest -->
