<?xml version="1.0" encoding="UTF-8"?>
<!-- Generated by org.testng.reporters.JUnitReportReporter -->
<testsuite hostname="EQ-EQ7501361" failures="0" tests="6" name="tests.AuthenticationTest" time="145.642" errors="0" timestamp="2022-09-02T11:43:51 EET" skipped="0">
  <testcase classname="tests.AuthenticationTest" name="verify_that_signIn_page_is_Accessible" time="18.004"/>
  <system-out/>
  <testcase classname="tests.AuthenticationTest" name="verify_that_user_can_signIn_with_valid_data" time="46.935"/>
  <system-out/>
  <testcase classname="tests.AuthenticationTest" name="verify_Invalid_SignIn" time="15.687"/>
  <system-out/>
  <testcase classname="tests.AuthenticationTest" name="verify_Invalid_SignIn" time="23.613"/>
  <system-out/>
  <testcase classname="tests.AuthenticationTest" name="verify_Invalid_SignIn" time="14.655"/>
  <system-out/>
  <testcase classname="tests.AuthenticationTest" name="verify_Invalid_SignIn" time="26.748"/>
  <system-out/>
</testsuite> <!-- tests.AuthenticationTest -->
