<?xml version="1.0" encoding="UTF-8"?>
<!-- Generated by org.testng.reporters.JUnitReportReporter -->
<testsuite hostname="EQ-EQ7501361" failures="0" tests="6" name="tests.AuthenticationTest" time="110.017" errors="0" timestamp="2022-09-02T11:56:06 EET" skipped="0">
  <testcase classname="tests.AuthenticationTest" name="verify_that_signIn_page_is_Accessible" time="9.048"/>
  <system-out/>
  <testcase classname="tests.AuthenticationTest" name="verify_that_user_can_signIn_with_valid_data" time="30.187"/>
  <system-out/>
  <testcase classname="tests.AuthenticationTest" name="verify_Invalid_SignIn" time="16.877"/>
  <system-out/>
  <testcase classname="tests.AuthenticationTest" name="verify_Invalid_SignIn" time="26.745"/>
  <system-out/>
  <testcase classname="tests.AuthenticationTest" name="verify_Invalid_SignIn" time="9.414"/>
  <system-out/>
  <testcase classname="tests.AuthenticationTest" name="verify_Invalid_SignIn" time="17.746"/>
  <system-out/>
</testsuite> <!-- tests.AuthenticationTest -->
